<?xml version="1.0" encoding="UTF-8"?>
<!-- Generated by org.testng.reporters.JUnitReportReporter -->
<testsuite hostname="Bhagyeshs-MacBook-Pro.local" failures="0" tests="1" name="appiumtests.Appium" time="76.271" errors="0" timestamp="2020-12-17T11:55:41 IST" skipped="0">
  <testcase classname="appiumtests.Appium" name="AppiumTest" time="76.271"/>
  <system-out/>
</testsuite> <!-- appiumtests.Appium -->
