<?xml version="1.0" encoding="UTF-8"?>
<!-- Generated by org.testng.reporters.JUnitReportReporter -->
<testsuite hostname="Bhagyeshs-MacBook-Pro.local" name="appiumtests.Appium" tests="1" failures="0" timestamp="17 Dec 2020 07:05:00 GMT" time="79.195" errors="0">
  <testcase name="AppiumTest" time="79.195" classname="appiumtests.Appium"/>
</testsuite> <!-- appiumtests.Appium -->
